<?xml version="1.0" encoding="UTF-8"?>
<!-- Generated by org.testng.reporters.JUnitReportReporter -->
<testsuite skipped="0" hostname="Ritus-MacBook-Pro.local" name="TestNGSessions.InvocationCount" tests="10" failures="0" timestamp="2021-03-05T00:05:13 IST" time="0.022" errors="0">
  <testcase name="createUser" time="0.001" classname="TestNGSessions.InvocationCount"/>
  <system-out/>
  <testcase name="createUser" time="0.001" classname="TestNGSessions.InvocationCount"/>
  <system-out/>
  <testcase name="createUser" time="0.001" classname="TestNGSessions.InvocationCount"/>
  <system-out/>
  <testcase name="createUser" time="0.001" classname="TestNGSessions.InvocationCount"/>
  <system-out/>
  <testcase name="createUser" time="0.000" classname="TestNGSessions.InvocationCount"/>
  <system-out/>
  <testcase name="createUser" time="0.010" classname="TestNGSessions.InvocationCount"/>
  <system-out/>
  <testcase name="createUser" time="0.003" classname="TestNGSessions.InvocationCount"/>
  <system-out/>
  <testcase name="createUser" time="0.000" classname="TestNGSessions.InvocationCount"/>
  <system-out/>
  <testcase name="createUser" time="0.002" classname="TestNGSessions.InvocationCount"/>
  <system-out/>
  <testcase name="createUser" time="0.003" classname="TestNGSessions.InvocationCount"/>
  <system-out/>
</testsuite> <!-- TestNGSessions.InvocationCount -->
