<?xml version="1.0" encoding="UTF-8"?>
<!-- Generated by org.testng.reporters.JUnitReportReporter -->
<testsuite hostname="Ritus-MacBook-Pro.local" failures="0" tests="3" name="com.angularexample.test.CalculatorTest" time="7.199" errors="0" timestamp="2021-02-21T23:24:59 IST" skipped="0">
  <testcase classname="com.angularexample.test.CalculatorTest" name="sumTest" time="2.697"/>
  <system-out/>
  <testcase classname="com.angularexample.test.CalculatorTest" name="subest" time="2.294"/>
  <system-out/>
  <testcase classname="com.angularexample.test.CalculatorTest" name="divTest" time="2.208"/>
  <system-out/>
</testsuite> <!-- com.angularexample.test.CalculatorTest -->
