<?xml version="1.0" encoding="UTF-8"?>
<!-- Generated by org.testng.reporters.JUnitReportReporter -->
<testsuite skipped="0" hostname="Ritus-MacBook-Pro.local" name="SeleniumSessions.MutlipleTabsOpening" tests="1" failures="0" timestamp="2022-01-16T19:21:45 IST" time="49.623" errors="0">
  <testcase name="openMultipleBrowserTabs" time="49.623" classname="SeleniumSessions.MutlipleTabsOpening"/>
  <system-out/>
</testsuite> <!-- SeleniumSessions.MutlipleTabsOpening -->
