<?xml version="1.0" encoding="UTF-8"?>
<!-- Generated by org.testng.reporters.JUnitReportReporter -->
<testsuite skipped="0" hostname="Ritus-MacBook-Pro.local" name="TestNGSessions.LoginPageCase2" tests="2" failures="0" timestamp="2021-03-09T23:25:28 IST" time="0.167" errors="0">
  <testcase name="loginPageTitleTest" time="0.086" classname="TestNGSessions.LoginPageCase2"/>
  <system-out/>
  <testcase name="signUpLinkTest" time="0.081" classname="TestNGSessions.LoginPageCase2"/>
  <system-out/>
</testsuite> <!-- TestNGSessions.LoginPageCase2 -->
