<?xml version="1.0" encoding="UTF-8"?>
<!-- Generated by org.testng.reporters.JUnitReportReporter -->
<testsuite skipped="0" hostname="Ritus-MacBook-Pro.local" name="TestNGSessions.DependsOnMethods" tests="3" failures="0" timestamp="2021-03-05T22:01:23 IST" time="0.013" errors="0">
  <testcase name="loginTest" time="0.009" classname="TestNGSessions.DependsOnMethods"/>
  <system-out/>
  <testcase name="homePageTest" time="0.003" classname="TestNGSessions.DependsOnMethods"/>
  <system-out/>
  <testcase name="searchTest" time="0.001" classname="TestNGSessions.DependsOnMethods"/>
  <system-out/>
</testsuite> <!-- TestNGSessions.DependsOnMethods -->
