<?xml version="1.0" encoding="UTF-8"?>
<!-- Generated by org.testng.reporters.JUnitReportReporter -->
<testsuite skipped="0" hostname="Ritus-MacBook-Pro.local" name="com.tests.SignUpTest" tests="1" failures="0" timestamp="2021-04-08T22:09:19 IST" time="0.224" errors="0">
  <testcase name="signUpLinkTest" time="0.224" classname="com.tests.SignUpTest"/>
  <system-out/>
</testsuite> <!-- com.tests.SignUpTest -->
