<?xml version="1.0" encoding="UTF-8"?>
<!-- Generated by org.testng.reporters.JUnitReportReporter -->
<testsuite skipped="2" hostname="Ritus-MacBook-Pro.local" name="TestNGSessions.LoginTest" tests="3" failures="0" timestamp="2021-03-04T23:23:26 IST" time="9.751" errors="0">
  <testcase name="signupLinkTest" time="9.751" classname="TestNGSessions.LoginTest"/>
  <system-out/>
  <testcase name="pageTitleTest" classname="TestNGSessions.LoginTest">
    <skipped/>
  </testcase> <!-- pageTitleTest -->
  <system-out/>
  <testcase name="loginTest" classname="TestNGSessions.LoginTest">
    <skipped/>
  </testcase> <!-- loginTest -->
  <system-out/>
</testsuite> <!-- TestNGSessions.LoginTest -->
