<?xml version="1.0" encoding="UTF-8"?>
<!-- Generated by org.testng.reporters.JUnitReportReporter -->
<testsuite skipped="0" hostname="Ritus-MacBook-Pro.local" name="TestNGSessions.PriorityTest" tests="5" failures="0" timestamp="2021-03-04T23:38:35 IST" time="0.015" errors="0">
  <testcase name="test5" time="0.003" classname="TestNGSessions.PriorityTest"/>
  <system-out/>
  <testcase name="test4" time="0.007" classname="TestNGSessions.PriorityTest"/>
  <system-out/>
  <testcase name="test2" time="0.001" classname="TestNGSessions.PriorityTest"/>
  <system-out/>
  <testcase name="test3" time="0.003" classname="TestNGSessions.PriorityTest"/>
  <system-out/>
  <testcase name="test1" time="0.001" classname="TestNGSessions.PriorityTest"/>
  <system-out/>
</testsuite> <!-- TestNGSessions.PriorityTest -->
