<?xml version="1.0" encoding="UTF-8"?>
<!-- Generated by org.testng.reporters.JUnitReportReporter -->
<testsuite skipped="0" hostname="Ritus-MacBook-Pro.local" name="TestNGSessions.InvocationCountConcept" tests="10" failures="0" timestamp="2021-03-05T21:56:35 IST" time="0.018" errors="0">
  <testcase name="createUser" time="0.003" classname="TestNGSessions.InvocationCountConcept"/>
  <system-out/>
  <testcase name="createUser" time="0.001" classname="TestNGSessions.InvocationCountConcept"/>
  <system-out/>
  <testcase name="createUser" time="0.004" classname="TestNGSessions.InvocationCountConcept"/>
  <system-out/>
  <testcase name="createUser" time="0.001" classname="TestNGSessions.InvocationCountConcept"/>
  <system-out/>
  <testcase name="createUser" time="0.002" classname="TestNGSessions.InvocationCountConcept"/>
  <system-out/>
  <testcase name="createUser" time="0.002" classname="TestNGSessions.InvocationCountConcept"/>
  <system-out/>
  <testcase name="createUser" time="0.001" classname="TestNGSessions.InvocationCountConcept"/>
  <system-out/>
  <testcase name="createUser" time="0.000" classname="TestNGSessions.InvocationCountConcept"/>
  <system-out/>
  <testcase name="createUser" time="0.001" classname="TestNGSessions.InvocationCountConcept"/>
  <system-out/>
  <testcase name="createUser" time="0.003" classname="TestNGSessions.InvocationCountConcept"/>
  <system-out/>
</testsuite> <!-- TestNGSessions.InvocationCountConcept -->
